#
# An unexpected error has been detected by HotSpot Virtual Machine:
#
#  EXCEPTION_ACCESS_VIOLATION (0xc0000005) at pc=0x080a3c15, pid=2636, tid=5724
#
# Java VM: Java HotSpot(TM) Client VM (1.4.2_12-b03 mixed mode)
# Problematic frame:
# V  [jvm.dll+0xa3c15]
#

---------------  T H R E A D  ---------------

Current thread (0x00a5b6f8):  VMThread [id=5724]

siginfo: ExceptionCode=0xc0000005, reading address 0x00000025

Registers:
EAX=0x00000011, EBX=0x08124af0, ECX=0x00a5bb98, EDX=0x03451058
ESP=0x02d2fb10, EBP=0x02d2fb78, ESI=0x313be600, EDI=0x02d2fba8
EIP=0x080a3c15, EFLAGS=0x00010297

Top of Stack: (sp=0x02d2fb10)
0x02d2fb10:   03451054 00000000 02d2fb4c 313be600
0x02d2fb20:   0805ca5a 00000000 02d2fb4c 00000000
0x02d2fb30:   02d2fba8 042eebb0 080ed144 02d2fba8
0x02d2fb40:   08124af0 00000005 00000000 00000000
0x02d2fb50:   ffff0000 00000000 00000000 03befbb4
0x02d2fb60:   00ad8190 03befbe8 00000000 00a5b6f8
0x02d2fb70:   00000000 03befbcc 02d2fb8c 0805cf12
0x02d2fb80:   08124af0 02d2fbb8 08124af0 02d2fc44 

Instructions: (pc=0x080a3c15)
0x080a3c05:   f6 ff 89 30 ff 74 24 0c ff 74 24 0c 50 8b 46 08
0x080a3c15:   8b 48 14 83 c1 08 e8 b0 43 fc ff 5e c2 08 00 8b 


Stack: [0x02cf0000,0x02d30000),  sp=0x02d2fb10,  free space=254k
Native frames: (J=compiled Java code, j=interpreted, Vv=VM code, C=native code)
V  [jvm.dll+0xa3c15]
V  [jvm.dll+0x5cf12]
V  [jvm.dll+0xd356c]
V  [jvm.dll+0xd4992]
V  [jvm.dll+0x602e4]
V  [jvm.dll+0x5ff20]
V  [jvm.dll+0x6357e]
V  [jvm.dll+0xd10bb]
V  [jvm.dll+0x5edc4]
V  [jvm.dll+0x5f417]
V  [jvm.dll+0xe3a42]
V  [jvm.dll+0xe3306]
V  [jvm.dll+0xe34ae]
V  [jvm.dll+0xe3217]
C  [MSVCRT.dll+0x2a3b0]
C  [kernel32.dll+0xb683]

VM_Operation (0x038af944): full generation collection, mode: safepoint, requested by thread 0x02efbe90


---------------  P R O C E S S  ---------------

Java Threads: ( => current thread )
  0x0426cd80 JavaThread "Thread-4774" [_thread_in_native, id=1160]
  0x032b1218 JavaThread "Thread-4773" [_thread_in_native, id=3064]
  0x02fa95a8 JavaThread "Thread-4772" [_thread_in_native, id=5136]
  0x033d5ff0 JavaThread "Thread-4771" [_thread_in_native, id=464]
  0x032bca50 JavaThread "Thread-4770" [_thread_in_native, id=5216]
  0x0407caf0 JavaThread "Thread-4769" [_thread_in_native, id=4880]
  0x04446d38 JavaThread "Keep-Alive-Timer" daemon [_thread_blocked, id=3832]
  0x042eebb0 JavaThread "Thread-2" [_thread_in_native, id=5052]
  0x0411fc40 JavaThread "SIGTERM handler" daemon [_thread_blocked, id=1972]
  0x041c2e08 JavaThread "XML-RPC Weblistener" [_thread_in_native, id=960]
  0x041d6b80 JavaThread "XML-RPC Weblistener" [_thread_in_native, id=1844]
  0x03febd48 JavaThread "XML-RPC Weblistener" [_thread_in_native, id=2296]
  0x040c3738 JavaThread "XML-RPC Weblistener" [_thread_in_native, id=5536]
  0x03faa160 JavaThread "Thread-975" [_thread_blocked, id=3936]
  0x033cb198 JavaThread "Thread-974" [_thread_blocked, id=2376]
  0x032cd1e0 JavaThread "Thread-973" [_thread_blocked, id=3456]
  0x0344f170 JavaThread "Thread-948" [_thread_blocked, id=5836]
  0x02f876f0 JavaThread "XML-RPC Weblistener" [_thread_in_native, id=4336]
  0x02fa0748 JavaThread "Thread-554" [_thread_blocked, id=2716]
  0x02f1c558 JavaThread "Thread-552" [_thread_blocked, id=4624]
  0x02f1c6f0 JavaThread "Thread-383" [_thread_blocked, id=3600]
  0x0403d960 JavaThread "Thread-380" [_thread_blocked, id=880]
  0x04031690 JavaThread "XML-RPC Weblistener" [_thread_in_native, id=3916]
  0x033ca008 JavaThread "Thread-295" [unknown thread state, id=4268]
  0x033caa00 JavaThread "Thread-291" [unknown thread state, id=816]
  0x033cd610 JavaThread "Thread-290" [_thread_blocked, id=528]
  0x03ff5008 JavaThread "Thread-289" [_thread_blocked, id=4636]
  0x02f77020 JavaThread "Thread-284" [_thread_blocked, id=3620]
  0x040ddec8 JavaThread "Thread-264" [unknown thread state, id=4852]
  0x040c3b70 JavaThread "Thread-259" [_thread_blocked, id=2660]
  0x032cd030 JavaThread "Thread-258" [_thread_blocked, id=5176]
  0x03f5a4a0 JavaThread "Thread-256" [_thread_blocked, id=4776]
  0x04736e18 JavaThread "Thread-235" [_thread_blocked, id=5248]
  0x040c3a08 JavaThread "XML-RPC Weblistener" [_thread_in_native, id=5312]
  0x03ff31a0 JavaThread "Thread-228" [_thread_blocked, id=3820]
  0x034960e8 JavaThread "XML-RPC Weblistener" [_thread_in_native, id=4204]
  0x033d7170 JavaThread "Thread-90" [_thread_in_native, id=5416]
  0x02fbd920 JavaThread "XML-RPC Weblistener" [unknown thread state, id=4128]
  0x02fbd7b8 JavaThread "Thread-20" [_thread_in_native, id=5720]
  0x02efbe90 JavaThread "Thread-6" [_thread_blocked, id=5804]
  0x031579d8 JavaThread "Thread-4" [_thread_blocked, id=4148]
  0x03156d40 JavaThread "Thread-3" [unknown thread state, id=3252]
  0x00035f68 JavaThread "DestroyJavaVM" [_thread_blocked, id=3972]
  0x03101860 JavaThread "XML-RPC Weblistener" [_thread_in_native, id=5340]
  0x00a92ee8 JavaThread "TimerQueue" daemon [_thread_blocked, id=4032]
  0x0315f770 JavaThread "AWT-EventQueue-0" [_thread_blocked, id=3324]
  0x03154008 JavaThread "Java2D Disposer" daemon [_thread_blocked, id=4556]
  0x00ab08b8 JavaThread "AWT-Shutdown" [_thread_blocked, id=4108]
  0x00a1f6e0 JavaThread "CompilerThread0" daemon [_thread_blocked, id=2904]
  0x00a6ed00 JavaThread "Signal Dispatcher" daemon [_thread_blocked, id=2356]
  0x00a1cea0 JavaThread "Finalizer" daemon [_thread_blocked, id=6024]
  0x00a1bb18 JavaThread "Reference Handler" daemon [_thread_blocked, id=4004]

Other Threads:
=>0x00a5b6f8 VMThread [id=5724]
  0x00a21288 WatcherThread [id=4332]

VM state:at safepoint (normal execution)

VM Mutex/Monitor currently owned by a thread:  ([mutex/lock_event])
[0x00035600/0x00000724] Threads_lock - owner thread: 0x00a5b6f8
[0x00035780/0x000006e8] Heap_lock - owner thread: 0x02efbe90

Heap
 def new generation   total 2816K, used 171K [0x10010000, 0x10310000, 0x12770000)
  eden space 2560K,   6% used [0x10010000, 0x1003af38, 0x10290000)
  from space 256K,   0% used [0x10290000, 0x10290000, 0x102d0000)
  to   space 256K,   0% used [0x102d0000, 0x102d0000, 0x10310000)
 tenured generation   total 34012K, used 15267K [0x12770000, 0x148a7000, 0x30010000)
   the space 34012K,  44% used [0x12770000, 0x13658e38, 0x1365bc00, 0x148a7000)
 compacting perm gen  total 20480K, used 20260K [0x30010000, 0x31410000, 0x34010000)
   the space 20480K,  98% used [0x30010000, 0x313d93f0, 0x313d9400, 0x31410000)

Dynamic libraries:
0x00400000 - 0x0040b000 	C:\j2sdk1.4.2_12\bin\java.exe
0x7c900000 - 0x7c9b0000 	C:\WINDOWS\system32\ntdll.dll
0x7c800000 - 0x7c8f4000 	C:\WINDOWS\system32\kernel32.dll
0x77dd0000 - 0x77e6b000 	C:\WINDOWS\system32\ADVAPI32.dll
0x77e70000 - 0x77f01000 	C:\WINDOWS\system32\RPCRT4.dll
0x77c10000 - 0x77c68000 	C:\WINDOWS\system32\MSVCRT.dll
0x08000000 - 0x08140000 	C:\j2sdk1.4.2_12\jre\bin\client\jvm.dll
0x77d40000 - 0x77dd0000 	C:\WINDOWS\system32\USER32.dll
0x77f10000 - 0x77f57000 	C:\WINDOWS\system32\GDI32.dll
0x76b40000 - 0x76b6d000 	C:\WINDOWS\system32\WINMM.dll
0x76390000 - 0x763ad000 	C:\WINDOWS\system32\IMM32.DLL
0x629c0000 - 0x629c9000 	C:\WINDOWS\system32\LPK.DLL
0x74d90000 - 0x74dfb000 	C:\WINDOWS\system32\USP10.dll
0x10000000 - 0x10007000 	C:\j2sdk1.4.2_12\jre\bin\hpi.dll
0x76bf0000 - 0x76bfb000 	C:\WINDOWS\system32\PSAPI.DLL
0x008b0000 - 0x008be000 	C:\j2sdk1.4.2_12\jre\bin\verify.dll
0x008c0000 - 0x008d9000 	C:\j2sdk1.4.2_12\jre\bin\java.dll
0x008e0000 - 0x008ee000 	C:\j2sdk1.4.2_12\jre\bin\zip.dll
0x034b0000 - 0x035c4000 	C:\j2sdk1.4.2_12\jre\bin\awt.dll
0x73000000 - 0x73026000 	C:\WINDOWS\system32\WINSPOOL.DRV
0x774e0000 - 0x7761d000 	C:\WINDOWS\system32\ole32.dll
0x035d0000 - 0x03621000 	C:\j2sdk1.4.2_12\jre\bin\fontmanager.dll
0x73760000 - 0x737a9000 	C:\WINDOWS\system32\ddraw.dll
0x73bc0000 - 0x73bc6000 	C:\WINDOWS\system32\DCIMAN32.dll
0x73940000 - 0x73a10000 	C:\WINDOWS\system32\D3DIM700.DLL
0x74720000 - 0x7476b000 	C:\WINDOWS\system32\MSCTF.dll
0x755c0000 - 0x755ee000 	C:\WINDOWS\system32\msctfime.ime
0x47bf0000 - 0x47c0a000 	C:\WINDOWS\system32\imekr61.ime
0x7c9c0000 - 0x7d1d5000 	C:\WINDOWS\system32\SHELL32.dll
0x77f60000 - 0x77fd6000 	C:\WINDOWS\system32\SHLWAPI.dll
0x5d090000 - 0x5d12a000 	C:\WINDOWS\system32\COMCTL32.dll
0x773d0000 - 0x774d3000 	C:\WINDOWS\WinSxS\x86_Microsoft.Windows.Common-Controls_6595b64144ccf1df_6.0.2600.2982_x-ww_ac3f9c03\comctl32.dll
0x5b860000 - 0x5b8b4000 	C:\WINDOWS\system32\netapi32.dll
0x71b20000 - 0x71b32000 	C:\WINDOWS\system32\MPR.dll
0x75f60000 - 0x75f67000 	C:\WINDOWS\System32\drprov.dll
0x71c10000 - 0x71c1e000 	C:\WINDOWS\System32\ntlanman.dll
0x71cd0000 - 0x71ce7000 	C:\WINDOWS\System32\NETUI0.dll
0x71c90000 - 0x71cd0000 	C:\WINDOWS\System32\NETUI1.dll
0x71c80000 - 0x71c87000 	C:\WINDOWS\System32\NETRAP.dll
0x71bf0000 - 0x71c03000 	C:\WINDOWS\System32\SAMLIB.dll
0x75f70000 - 0x75f79000 	C:\WINDOWS\System32\davclnt.dll
0x77920000 - 0x77a13000 	C:\WINDOWS\system32\SETUPAPI.dll
0x77b40000 - 0x77b62000 	C:\WINDOWS\system32\appHelp.dll
0x5a500000 - 0x5a52f000 	C:\Program Files\MSN Messenger\fsshext.8.0.0812.00.dll
0x78130000 - 0x781cb000 	C:\WINDOWS\WinSxS\x86_Microsoft.VC80.CRT_1fc8b3b9a1e18e3b_8.0.50727.163_x-ww_681e29fb\MSVCR80.dll
0x4ec50000 - 0x4edf3000 	C:\WINDOWS\WinSxS\x86_Microsoft.Windows.GdiPlus_6595b64144ccf1df_1.0.2600.2180_x-ww_522f9f82\gdiplus.dll
0x77120000 - 0x771ac000 	C:\WINDOWS\system32\OLEAUT32.dll
0x76fd0000 - 0x7704f000 	C:\WINDOWS\system32\CLBCATQ.DLL
0x77050000 - 0x77115000 	C:\WINDOWS\system32\COMRes.dll
0x77c00000 - 0x77c08000 	C:\WINDOWS\system32\VERSION.dll
0x03a60000 - 0x03a66000 	C:\Program Files\NATEON\BIN\NateOnHook36u.dll
0x76080000 - 0x760e5000 	C:\WINDOWS\system32\MSVCP60.dll
0x03a20000 - 0x03a2f000 	C:\j2sdk1.4.2_12\jre\bin\net.dll
0x71ab0000 - 0x71ac7000 	C:\WINDOWS\system32\WS2_32.dll
0x71aa0000 - 0x71aa8000 	C:\WINDOWS\system32\WS2HELP.dll
0x71a50000 - 0x71a8f000 	C:\WINDOWS\System32\mswsock.dll
0x76f20000 - 0x76f47000 	C:\WINDOWS\system32\DNSAPI.dll
0x76fb0000 - 0x76fb8000 	C:\WINDOWS\System32\winrnr.dll
0x76f60000 - 0x76f8c000 	C:\WINDOWS\system32\WLDAP32.dll
0x76fc0000 - 0x76fc6000 	C:\WINDOWS\system32\rasadhlp.dll
0x662b0000 - 0x66308000 	C:\WINDOWS\system32\hnetcfg.dll
0x71a90000 - 0x71a98000 	C:\WINDOWS\System32\wshtcpip.dll
0x0ffd0000 - 0x0fff8000 	C:\WINDOWS\system32\rsaenh.dll
0x769c0000 - 0x76a73000 	C:\WINDOWS\system32\USERENV.dll
0x03cb0000 - 0x03cd3000 	C:\WINDOWS\system32\ExcelPlugin2KXP.dll
0x73dd0000 - 0x73ece000 	C:\WINDOWS\system32\MFC42.DLL
0x04740000 - 0x04a06000 	C:\WINDOWS\system32\msi.dll
0x04a10000 - 0x04cd5000 	C:\WINDOWS\system32\xpsp2res.dll

VM Arguments:
jvm_args: -DDOMEROOT=C:\dome3 -Xmx512M -Dorg.omg.CORBA.ORBClass=com.iona.corba.art.artimpl.ORBImpl -Dorg.omg.CORBA.ORBSingletonClass=com.iona.corba.art.artimpl.ORBSingleton
java_command: mit.cadlab.dome3.network.server.DomeServer -debug:50
Launcher Type: SUN_STANDARD

Environment Variables:
JAVA_HOME=C:\j2sdk1.4.2_12
CLASSPATH=.;C:\Program Files\Java\jre1.5.0_07\lib\ext\QTJava.zip
PATH=C:\WINDOWS\system32;C:\WINDOWS;C:\WINDOWS\system32\wbem;c:\program files\securecrt\;C:\MATLAB7\bin\win32;C:\Program Files\Common Files\Adobe\AGL;C:\Program Files\ESTsoft\ALZip\;C:\j2sdk1.4.2_12\bin;C:\Program Files\QuickTime\QTSystem\;C:\Program Files\ESTsoft\ALZip\
USERNAME=smhan
OS=Windows_NT
PROCESSOR_IDENTIFIER=x86 Family 6 Model 9 Stepping 5, GenuineIntel


---------------  S Y S T E M  ---------------

OS: Windows XP Build 2600 Service Pack 2

CPU:total 1 family 6, cmov, cx8, fxsr, mmx, sse, sse2

Memory: 4k page, physical 1563120k(409676k free), swap 3507592k(2360044k free)

vm_info: Java HotSpot(TM) Client VM (1.4.2_12-b03) for windows-x86, built on May  9 2006 12:30:51 by "java_re" with MS VC++ 6.0

