#
# An unexpected error has been detected by HotSpot Virtual Machine:
#
#  Internal Error (0xe06d7363), pid=3940, tid=2016
#
# Java VM: Java HotSpot(TM) Client VM (1.4.2_13-b06 mixed mode)
# Problematic frame:
# C  [kernel32.dll+0x12a5b]
#

---------------  T H R E A D  ---------------

Current thread (0x033fe800):  JavaThread "Thread-3" [_thread_in_native, id=2016]

siginfo: ExceptionCode=0xe06d7363, ExceptionInformation=0x19930520 0x03a4f538 0x73e95d84 

Registers:
EAX=0x03a4f480, EBX=0x00000000, ECX=0x00000000, EDX=0x2b1f0009
ESP=0x03a4f47c, EBP=0x03a4f4d0, ESI=0x03a4f510, EDI=0x03a4f510
EIP=0x7c812a5b, EFLAGS=0x00000206

Top of Stack: (sp=0x03a4f47c)
0x03a4f47c:   77c114bc e06d7363 00000001 00000000
0x03a4f48c:   7c812a5b 00000003 19930520 03a4f538
0x03a4f49c:   73e95d84 7c9106eb 77c2c3c9 00030000
0x03a4f4ac:   00000000 77c2c3ce 77c2c407 03ae697a
0x03a4f4bc:   ffffffff 77c2c3c9 00030000 03a4f4b4
0x03a4f4cc:   00000005 03a4f510 77c2272c e06d7363
0x03a4f4dc:   00000001 00000003 03a4f504 03ae6978
0x03a4f4ec:   03ae697a e06d7363 00000001 00000000 

Instructions: (pc=0x7c812a5b)
0x7c812a4b:   8d 7d c4 f3 a5 5f 8d 45 b0 50 ff 15 08 15 80 7c
0x7c812a5b:   5e c9 c2 10 00 85 ff 0f 8e 36 93 ff ff 8b 55 fc 


Stack: [0x03a10000,0x03a50000),  sp=0x03a4f47c,  free space=253k
Native frames: (J=compiled Java code, j=interpreted, Vv=VM code, C=native code)
C  [kernel32.dll+0x12a5b]
C  [MSVCRT.dll+0x1272c]
C  [MFC42.DLL+0x79092]
C  [MFC42.DLL+0x171c3]
C  [MFC42.DLL+0x17f52]
C  [SolidWorksPlugin2K4.dll+0xfa9d]
C  [SolidWorksPlugin2K4.dll+0x2a9a]
C  [SolidWorksPlugin2K4.dll+0x79c1]
C  [SolidWorksPlugin2K4.dll+0x64e6]
C  [SolidWorksPlugin2K4.dll+0xe695]
j  mit.cadlab.dome3.plugin.Solidworks.SolidworksPluginCaller.callVoidFunc(JI[Ljava/lang/Object;)V+0
j  mit.cadlab.dome3.plugin.Solidworks.dataobject.SolidworksDimensionNew.setValue(DZ)V+49
j  mit.cadlab.dome3.plugin.Solidworks.dataobject.SolidworksDimensionNew.loadNativeData()V+6
j  mit.cadlab.dome3.plugin.Solidworks.SolidworksPluginNew.execute(Ljava/util/List;)V+43
j  mit.cadlab.dome3.plugin.Solidworks.SolidworksModelRuntimeNew.executeNativePlugin(Ljava/util/List;)V+22
j  mit.cadlab.dome3.plugin.PluginModelRuntime.execute(Ljava/util/List;)V+2
j  mit.cadlab.dome3.objectmodel.util.solving.PluginModelExecutionManager.executeNextStep()Z+24
j  mit.cadlab.dome3.objectmodel.util.solving.AbstractModelExecutionManager.runModel()Z+49
j  mit.cadlab.dome3.objectmodel.util.solving.PluginModelExecutionManager.startSolving()V+33
j  mit.cadlab.dome3.plugin.PluginModelRuntime.startModel()V+4
j  mit.cadlab.dome3.objectmodel.playspace.ServerPlayspace.setItems(Ljava/lang/String;Ljava/util/Vector;Z)V+238
j  mit.cadlab.dome3.network.server.functions.RuntimeFunctionsServer.setItems(Ljava/lang/String;Ljava/util/Vector;Z)V+74
j  mit.cadlab.dome3.network.server.handlers.RuntimeHandler.setItems(Ljava/util/Vector;)V+100
j  mit.cadlab.dome3.network.server.handlers.RuntimeHandler.execute(Ljava/lang/String;Ljava/util/Vector;)Ljava/lang/Object;+168
j  org.apache.xmlrpc.XmlRpcServer$Worker.executeInternal(Ljava/io/InputStream;Ljava/lang/String;Ljava/lang/String;)[B+313
j  org.apache.xmlrpc.XmlRpcServer$Worker.execute(Ljava/io/InputStream;Ljava/lang/String;Ljava/lang/String;)[B+4
j  org.apache.xmlrpc.XmlRpcServer.execute(Ljava/io/InputStream;Ljava/lang/String;Ljava/lang/String;)[B+11
j  org.apache.xmlrpc.WebServer$Connection.run()V+252
j  org.apache.xmlrpc.WebServer$Runner.run()V+21
j  java.lang.Thread.run()V+11
v  ~StubRoutines::call_stub
V  [jvm.dll+0x74806]
V  [jvm.dll+0xaeb36]
V  [jvm.dll+0x74713]
V  [jvm.dll+0x7440f]
V  [jvm.dll+0x74448]
V  [jvm.dll+0x8c360]
V  [jvm.dll+0xd2d7c]
V  [jvm.dll+0xd2d4a]
C  [MSVCRT.dll+0x2a3b0]
C  [kernel32.dll+0xb683]

Java frames: (J=compiled Java code, j=interpreted, Vv=VM code)
j  mit.cadlab.dome3.plugin.Solidworks.SolidworksPluginCaller.callVoidFunc(JI[Ljava/lang/Object;)V+0
j  mit.cadlab.dome3.plugin.Solidworks.dataobject.SolidworksDimensionNew.setValue(DZ)V+49
j  mit.cadlab.dome3.plugin.Solidworks.dataobject.SolidworksDimensionNew.loadNativeData()V+6
j  mit.cadlab.dome3.plugin.Solidworks.SolidworksPluginNew.execute(Ljava/util/List;)V+43
j  mit.cadlab.dome3.plugin.Solidworks.SolidworksModelRuntimeNew.executeNativePlugin(Ljava/util/List;)V+22
j  mit.cadlab.dome3.plugin.PluginModelRuntime.execute(Ljava/util/List;)V+2
j  mit.cadlab.dome3.objectmodel.util.solving.PluginModelExecutionManager.executeNextStep()Z+24
j  mit.cadlab.dome3.objectmodel.util.solving.AbstractModelExecutionManager.runModel()Z+49
j  mit.cadlab.dome3.objectmodel.util.solving.PluginModelExecutionManager.startSolving()V+33
j  mit.cadlab.dome3.plugin.PluginModelRuntime.startModel()V+4
j  mit.cadlab.dome3.objectmodel.playspace.ServerPlayspace.setItems(Ljava/lang/String;Ljava/util/Vector;Z)V+238
j  mit.cadlab.dome3.network.server.functions.RuntimeFunctionsServer.setItems(Ljava/lang/String;Ljava/util/Vector;Z)V+74
j  mit.cadlab.dome3.network.server.handlers.RuntimeHandler.setItems(Ljava/util/Vector;)V+100
j  mit.cadlab.dome3.network.server.handlers.RuntimeHandler.execute(Ljava/lang/String;Ljava/util/Vector;)Ljava/lang/Object;+168
j  org.apache.xmlrpc.XmlRpcServer$Worker.executeInternal(Ljava/io/InputStream;Ljava/lang/String;Ljava/lang/String;)[B+313
j  org.apache.xmlrpc.XmlRpcServer$Worker.execute(Ljava/io/InputStream;Ljava/lang/String;Ljava/lang/String;)[B+4
j  org.apache.xmlrpc.XmlRpcServer.execute(Ljava/io/InputStream;Ljava/lang/String;Ljava/lang/String;)[B+11
j  org.apache.xmlrpc.WebServer$Connection.run()V+252
j  org.apache.xmlrpc.WebServer$Runner.run()V+21
j  java.lang.Thread.run()V+11
v  ~StubRoutines::call_stub

---------------  P R O C E S S  ---------------

Java Threads: ( => current thread )
  0x02eb7408 JavaThread "Thread-136" [_thread_in_native, id=3876]
  0x02f4d7a0 JavaThread "Thread-134" [_thread_in_native, id=3564]
  0x02fd0008 JavaThread "Thread-131" [_thread_in_native, id=1948]
  0x02f4c408 JavaThread "Thread-128" [_thread_in_native, id=3524]
  0x02eca910 JavaThread "Thread-129" [_thread_in_native, id=3520]
  0x00a57d78 JavaThread "Thread-6" [_thread_blocked, id=2488]
=>0x033fe800 JavaThread "Thread-3" [_thread_in_native, id=2016]
  0x00036210 JavaThread "DestroyJavaVM" [_thread_blocked, id=3672]
  0x030f3cb8 JavaThread "XML-RPC Weblistener" [_thread_in_native, id=624]
  0x033c6de8 JavaThread "TimerQueue" daemon [_thread_blocked, id=4084]
  0x0317d1a8 JavaThread "AWT-EventQueue-0" [_thread_blocked, id=3064]
  0x03169848 JavaThread "Java2D Disposer" daemon [_thread_blocked, id=2116]
  0x030cdda8 JavaThread "AWT-Windows" daemon [_thread_in_native, id=1512]
  0x02fd98e0 JavaThread "AWT-Shutdown" [_thread_blocked, id=960]
  0x00a0fb18 JavaThread "CompilerThread0" daemon [_thread_blocked, id=1204]
  0x00a5ed00 JavaThread "Signal Dispatcher" daemon [_thread_blocked, id=4072]
  0x00a0d228 JavaThread "Finalizer" daemon [_thread_blocked, id=4000]
  0x00a0bea0 JavaThread "Reference Handler" daemon [_thread_blocked, id=3988]

Other Threads:
  0x00a4b560 VMThread [id=3984]
  0x00a4c2a0 WatcherThread [id=4016]

VM state:not at safepoint (normal execution)

VM Mutex/Monitor currently owned by a thread: None

Heap
 def new generation   total 960K, used 95K [0x10010000, 0x10110000, 0x12770000)
  eden space 896K,   3% used [0x10010000, 0x10017e58, 0x100f0000)
  from space 64K, 100% used [0x10100000, 0x10110000, 0x10110000)
  to   space 64K,   0% used [0x100f0000, 0x100f0000, 0x10100000)
 tenured generation   total 11776K, used 9161K [0x12770000, 0x132f0000, 0x30010000)
   the space 11776K,  77% used [0x12770000, 0x13062558, 0x13062600, 0x132f0000)
 compacting perm gen  total 17664K, used 17554K [0x30010000, 0x31150000, 0x34010000)
   the space 17664K,  99% used [0x30010000, 0x311349b8, 0x31134a00, 0x31150000)

Dynamic libraries:
0x00400000 - 0x0040b000 	C:\j2sdk1.4.2_13\bin\java.exe
0x7c900000 - 0x7c9b0000 	C:\WINDOWS\system32\ntdll.dll
0x7c800000 - 0x7c8f4000 	C:\WINDOWS\system32\kernel32.dll
0x77dd0000 - 0x77e6b000 	C:\WINDOWS\system32\ADVAPI32.dll
0x77e70000 - 0x77f01000 	C:\WINDOWS\system32\RPCRT4.dll
0x77c10000 - 0x77c68000 	C:\WINDOWS\system32\MSVCRT.dll
0x08000000 - 0x08142000 	C:\j2sdk1.4.2_13\jre\bin\client\jvm.dll
0x7e410000 - 0x7e4a0000 	C:\WINDOWS\system32\USER32.dll
0x77f10000 - 0x77f57000 	C:\WINDOWS\system32\GDI32.dll
0x76b40000 - 0x76b6d000 	C:\WINDOWS\system32\WINMM.dll
0x76390000 - 0x763ad000 	C:\WINDOWS\system32\IMM32.DLL
0x629c0000 - 0x629c9000 	C:\WINDOWS\system32\LPK.DLL
0x74d90000 - 0x74dfb000 	C:\WINDOWS\system32\USP10.dll
0x10000000 - 0x10007000 	C:\j2sdk1.4.2_13\jre\bin\hpi.dll
0x76bf0000 - 0x76bfb000 	C:\WINDOWS\system32\PSAPI.DLL
0x008a0000 - 0x008ae000 	C:\j2sdk1.4.2_13\jre\bin\verify.dll
0x008b0000 - 0x008c9000 	C:\j2sdk1.4.2_13\jre\bin\java.dll
0x008d0000 - 0x008de000 	C:\j2sdk1.4.2_13\jre\bin\zip.dll
0x034a0000 - 0x035b4000 	C:\j2sdk1.4.2_13\jre\bin\awt.dll
0x73000000 - 0x73026000 	C:\WINDOWS\system32\WINSPOOL.DRV
0x774e0000 - 0x7761d000 	C:\WINDOWS\system32\ole32.dll
0x035c0000 - 0x03611000 	C:\j2sdk1.4.2_13\jre\bin\fontmanager.dll
0x73760000 - 0x737a9000 	C:\WINDOWS\system32\ddraw.dll
0x73bc0000 - 0x73bc6000 	C:\WINDOWS\system32\DCIMAN32.dll
0x73940000 - 0x73a10000 	C:\WINDOWS\system32\D3DIM700.DLL
0x74720000 - 0x7476b000 	C:\WINDOWS\system32\MSCTF.dll
0x755c0000 - 0x755ee000 	C:\WINDOWS\system32\msctfime.ime
0x47bf0000 - 0x47c0a000 	C:\WINDOWS\system32\imekr61.ime
0x7c9c0000 - 0x7d1d5000 	C:\WINDOWS\system32\SHELL32.dll
0x77f60000 - 0x77fd6000 	C:\WINDOWS\system32\SHLWAPI.dll
0x5d090000 - 0x5d12a000 	C:\WINDOWS\system32\COMCTL32.dll
0x773d0000 - 0x774d3000 	C:\WINDOWS\WinSxS\x86_Microsoft.Windows.Common-Controls_6595b64144ccf1df_6.0.2600.2982_x-ww_ac3f9c03\comctl32.dll
0x5b860000 - 0x5b8b4000 	C:\WINDOWS\system32\netapi32.dll
0x71b20000 - 0x71b32000 	C:\WINDOWS\system32\MPR.dll
0x75f60000 - 0x75f67000 	C:\WINDOWS\System32\drprov.dll
0x71c10000 - 0x71c1e000 	C:\WINDOWS\System32\ntlanman.dll
0x71cd0000 - 0x71ce7000 	C:\WINDOWS\System32\NETUI0.dll
0x71c90000 - 0x71cd0000 	C:\WINDOWS\System32\NETUI1.dll
0x71c80000 - 0x71c87000 	C:\WINDOWS\System32\NETRAP.dll
0x71bf0000 - 0x71c03000 	C:\WINDOWS\System32\SAMLIB.dll
0x75f70000 - 0x75f79000 	C:\WINDOWS\System32\davclnt.dll
0x77920000 - 0x77a13000 	C:\WINDOWS\system32\SETUPAPI.dll
0x77b40000 - 0x77b62000 	C:\WINDOWS\system32\appHelp.dll
0x5a500000 - 0x5a54e000 	C:\Program Files\MSN Messenger\fsshext.8.1.0178.00.dll
0x78130000 - 0x781cb000 	C:\WINDOWS\WinSxS\x86_Microsoft.VC80.CRT_1fc8b3b9a1e18e3b_8.0.50727.163_x-ww_681e29fb\MSVCR80.dll
0x4ec50000 - 0x4edf3000 	C:\WINDOWS\WinSxS\x86_Microsoft.Windows.GdiPlus_6595b64144ccf1df_1.0.2600.2180_x-ww_522f9f82\gdiplus.dll
0x77120000 - 0x771ac000 	C:\WINDOWS\system32\OLEAUT32.dll
0x76fd0000 - 0x7704f000 	C:\WINDOWS\system32\CLBCATQ.DLL
0x77050000 - 0x77115000 	C:\WINDOWS\system32\COMRes.dll
0x77c00000 - 0x77c08000 	C:\WINDOWS\system32\VERSION.dll
0x03910000 - 0x0391f000 	C:\j2sdk1.4.2_13\jre\bin\net.dll
0x71ab0000 - 0x71ac7000 	C:\WINDOWS\system32\WS2_32.dll
0x71aa0000 - 0x71aa8000 	C:\WINDOWS\system32\WS2HELP.dll
0x71a50000 - 0x71a8f000 	C:\WINDOWS\System32\mswsock.dll
0x76f20000 - 0x76f47000 	C:\WINDOWS\system32\DNSAPI.dll
0x76fb0000 - 0x76fb8000 	C:\WINDOWS\System32\winrnr.dll
0x76f60000 - 0x76f8c000 	C:\WINDOWS\system32\WLDAP32.dll
0x76fc0000 - 0x76fc6000 	C:\WINDOWS\system32\rasadhlp.dll
0x662b0000 - 0x66308000 	C:\WINDOWS\system32\hnetcfg.dll
0x71a90000 - 0x71a98000 	C:\WINDOWS\System32\wshtcpip.dll
0x0ffd0000 - 0x0fff8000 	C:\WINDOWS\system32\rsaenh.dll
0x769c0000 - 0x76a73000 	C:\WINDOWS\system32\USERENV.dll
0x03ad0000 - 0x03af1000 	C:\WINDOWS\system32\SolidWorksPlugin2K4.dll
0x76080000 - 0x760e5000 	C:\WINDOWS\system32\MSVCP60.dll
0x73dd0000 - 0x73ece000 	C:\WINDOWS\system32\MFC42.DLL
0x03b00000 - 0x03b11000 	C:\WINDOWS\system32\MSVCIRT.dll
0x03b20000 - 0x03de5000 	C:\WINDOWS\system32\xpsp2res.dll
0x03f30000 - 0x041f6000 	C:\WINDOWS\system32\msi.dll

VM Arguments:
jvm_args: -DDOMEROOT=C:\dome3 -Xmx512M -Dorg.omg.CORBA.ORBClass=com.iona.corba.art.artimpl.ORBImpl -Dorg.omg.CORBA.ORBSingletonClass=com.iona.corba.art.artimpl.ORBSingleton
java_command: mit.cadlab.dome3.network.server.DomeServer -debug:50
Launcher Type: SUN_STANDARD

Environment Variables:
JAVA_HOME=C:\j2sdk1.4.2_13
CLASSPATH=.;C:\Java\jre1.6.0\lib\ext\QTJava.zip
PATH=C:\WINDOWS\system32;C:\WINDOWS;C:\WINDOWS\system32\wbem;c:\program files\estsoft\alzip\;C:\MATLAB72\bin\win32;C:\Program Files\Common Files\Adobe\AGL;C:\Program Files\Common Files\Teruten\DSFilter;C:\Program Files\IDM Computer Solutions\UltraEdit-32;C:\Program Files\QuickTime\QTSystem\;C:\Program Files\ESTsoft\ALZip\
USERNAME=himosqui
OS=Windows_NT
PROCESSOR_IDENTIFIER=x86 Family 6 Model 15 Stepping 6, GenuineIntel


---------------  S Y S T E M  ---------------

OS: Windows XP Build 2600 Service Pack 2

CPU:total 2 family 6, cmov, cx8, fxsr, mmx, sse, sse2

Memory: 4k page, physical 1038712k(373832k free), swap 2499568k(1679428k free)

vm_info: Java HotSpot(TM) Client VM (1.4.2_13-b06) for windows-x86, built on Oct 18 2006 10:10:57 by "java_re" with MS VC++ 6.0

